https://the.bytecode.club - Created by @Konloch - Bytecode Viewer 2.9.8
Checking & Deleting foreign/outdated libraries
Loading libraries...
Loading library apktool_2.0.1_obf-2.jar
Succesfully loaded apktool_2.0.1_obf-2.jar
Loading library baksmali-2.0.3_obf.jar
Succesfully loaded baksmali-2.0.3_obf.jar
Loading library byteanalysis-1.0.jar
Succesfully loaded byteanalysis-1.0.jar
Loading library cfr_0_115.jar
Succesfully loaded cfr_0_115.jar
Loading library commons-codec-1.9.jar
Succesfully loaded commons-codec-1.9.jar
Loading library commons-compiler.jar
Succesfully loaded commons-compiler.jar
Loading library commons-io-2.4.jar
Succesfully loaded commons-io-2.4.jar
Loading library commons-lang3-3.3.2.jar
Succesfully loaded commons-lang3-3.3.2.jar
Loading library dex_obf.jar
Succesfully loaded dex_obf.jar
Loading library fernflower-2016.jar
Succesfully loaded fernflower-2016.jar
Loading library imgscalr-lib-4.2.jar
Succesfully loaded imgscalr-lib-4.2.jar
Loading library janino.jar
Succesfully loaded janino.jar
Loading library jar-rename-1.6.jar
Succesfully loaded jar-rename-1.6.jar
Loading library jasmin-p2.5.jar
Succesfully loaded jasmin-p2.5.jar
Loading library jd-gui-1.0.0-RC4.jar
Succesfully loaded jd-gui-1.0.0-RC4.jar
Loading library jgraphx.jar
Succesfully loaded jgraphx.jar
Loading library procyon-decompiler-0.5.30.jar
Succesfully loaded procyon-decompiler-0.5.30.jar
Loading library rsyntaxtextarea.jar
Succesfully loaded rsyntaxtextarea.jar
Loading library slf4j-api-1.7.18.jar
Succesfully loaded slf4j-api-1.7.18.jar
Loading library slf4j-nop-1.7.18.jar
Succesfully loaded slf4j-nop-1.7.18.jar
Loading library smali-2.0.3-obf-patched.jar
Succesfully loaded smali-2.0.3-obf-patched.jar
Loading library zt-zip-1.8.jar
Succesfully loaded zt-zip-1.8.jar
Checking krakatau
Checking enjarify
Start up took 2 seconds
Exception in thread "AWT-EventQueue-0" java.lang.IndexOutOfBoundsException: len=-2
	at sun.font.FontDesignMetrics.charsWidth(FontDesignMetrics.java:501)
	at org.fife.ui.rsyntaxtextarea.TokenImpl.getWidthUpTo(TokenImpl.java:528)
	at org.fife.ui.rsyntaxtextarea.TokenImpl.getWidth(TokenImpl.java:499)
	at org.fife.ui.rsyntaxtextarea.RSyntaxUtilities.getTokenListWidth(RSyntaxUtilities.java:1142)
	at org.fife.ui.rsyntaxtextarea.RSyntaxUtilities.getTokenListWidth(RSyntaxUtilities.java:1121)
	at org.fife.ui.rsyntaxtextarea.SyntaxView.getLineWidth(SyntaxView.java:304)
	at org.fife.ui.rsyntaxtextarea.SyntaxView.calculateLongestLine(SyntaxView.java:110)
	at org.fife.ui.rsyntaxtextarea.SyntaxView.updateMetrics(SyntaxView.java:892)
	at org.fife.ui.rsyntaxtextarea.SyntaxView.setSize(SyntaxView.java:802)
	at javax.swing.plaf.basic.BasicTextUI$RootView.setSize(BasicTextUI.java:1722)
	at javax.swing.plaf.basic.BasicTextUI.getPreferredSize(BasicTextUI.java:917)
	at javax.swing.plaf.basic.BasicTextAreaUI.getPreferredSize(BasicTextAreaUI.java:120)
	at javax.swing.JComponent.getPreferredSize(JComponent.java:1662)
	at javax.swing.JTextArea.getPreferredSize(JTextArea.java:618)
	at javax.swing.ScrollPaneLayout.layoutContainer(ScrollPaneLayout.java:791)
	at java.awt.Container.layout(Container.java:1510)
	at java.awt.Container.doLayout(Container.java:1499)
	at java.awt.Container.validateTree(Container.java:1695)
	at java.awt.Container.validate(Container.java:1630)
	at javax.swing.RepaintManager$3.run(RepaintManager.java:711)
	at javax.swing.RepaintManager$3.run(RepaintManager.java:709)
	at java.security.AccessController.doPrivileged(Native Method)
	at java.security.ProtectionDomain$JavaSecurityAccessImpl.doIntersectionPrivilege(ProtectionDomain.java:76)
	at javax.swing.RepaintManager.validateInvalidComponents(RepaintManager.java:708)
	at javax.swing.RepaintManager$ProcessingRunnable.run(RepaintManager.java:1731)
	at java.awt.event.InvocationEvent.dispatch(InvocationEvent.java:311)
	at java.awt.EventQueue.dispatchEventImpl(EventQueue.java:756)
	at java.awt.EventQueue.access$500(EventQueue.java:97)
	at java.awt.EventQueue$3.run(EventQueue.java:709)
	at java.awt.EventQueue$3.run(EventQueue.java:703)
	at java.security.AccessController.doPrivileged(Native Method)
	at java.security.ProtectionDomain$JavaSecurityAccessImpl.doIntersectionPrivilege(ProtectionDomain.java:76)
	at java.awt.EventQueue.dispatchEvent(EventQueue.java:726)
	at java.awt.EventDispatchThread.pumpOneEventForFilters(EventDispatchThread.java:201)
	at java.awt.EventDispatchThread.pumpEventsForFilter(EventDispatchThread.java:116)
	at java.awt.EventDispatchThread.pumpEventsForHierarchy(EventDispatchThread.java:105)
	at java.awt.EventDispatchThread.pumpEvents(EventDispatchThread.java:101)
	at java.awt.EventDispatchThread.pumpEvents(EventDispatchThread.java:93)
	at java.awt.EventDispatchThread.run(EventDispatchThread.java:82)
